app/build/intermediates/manifest_merge_blame_file/debug/manifest-merger-blame-debug-report.txt
1<?xml version="1.0" encoding="utf-8"?>
2<manifest xmlns:android="http://schemas.android.com/apk/res/android"
3    package="com.srisindhusaride.golondon"
4    android:versionCode="3"
5    android:versionName="1.02" >
6
7    <uses-sdk
8        android:minSdkVersion="26"
8-->src/main/AndroidManifest.xml
9        android:targetSdkVersion="33" />
9-->src/main/AndroidManifest.xml
10
11    <uses-permission android:name="android.permission.INTERNET" />
11-->src/main/AndroidManifest.xml:5:5-66
11-->src/main/AndroidManifest.xml:5:22-64
12    <uses-permission android:name="android.permission.ACCESS_NETWORK_STATE" />
12-->src/main/AndroidManifest.xml:6:5-78
12-->src/main/AndroidManifest.xml:6:22-76
13    <uses-permission android:name="android.permission.ACCESS_FINE_LOCATION" />
13-->src/main/AndroidManifest.xml:7:5-78
13-->src/main/AndroidManifest.xml:7:22-76
14
15    <uses-feature
15-->[com.google.android.gms:play-services-maps:18.1.0] AndroidManifest.xml:26:5-28:35
16        android:glEsVersion="0x00020000"
16-->[com.google.android.gms:play-services-maps:18.1.0] AndroidManifest.xml:27:9-41
17        android:required="true" />
17-->[com.google.android.gms:play-services-maps:18.1.0] AndroidManifest.xml:28:9-32
18
19    <queries>
19-->[com.google.android.gms:play-services-maps:18.1.0] AndroidManifest.xml:30:5-34:15
20
21        <!-- Needs to be explicitly declared on Android R+ -->
22        <package android:name="com.google.android.apps.maps" />
22-->[com.google.android.gms:play-services-maps:18.1.0] AndroidManifest.xml:33:9-64
22-->[com.google.android.gms:play-services-maps:18.1.0] AndroidManifest.xml:33:18-61
23    </queries>
24
25    <permission
25-->[androidx.core:core:1.9.0] AndroidManifest.xml:22:5-24:47
26        android:name="com.srisindhusaride.golondon.DYNAMIC_RECEIVER_NOT_EXPORTED_PERMISSION"
26-->[androidx.core:core:1.9.0] AndroidManifest.xml:23:9-81
27        android:protectionLevel="signature" />
27-->[androidx.core:core:1.9.0] AndroidManifest.xml:24:9-44
28
29    <uses-permission android:name="com.srisindhusaride.golondon.DYNAMIC_RECEIVER_NOT_EXPORTED_PERMISSION" />
29-->[androidx.core:core:1.9.0] AndroidManifest.xml:26:5-97
29-->[androidx.core:core:1.9.0] AndroidManifest.xml:26:22-94
30
31    <application
31-->src/main/AndroidManifest.xml:9:5-53:19
32        android:name="com.srisindhusaride.golondon.MainApplication"
32-->src/main/AndroidManifest.xml:15:9-68
33        android:allowBackup="true"
33-->src/main/AndroidManifest.xml:10:9-35
34        android:appComponentFactory="androidx.core.app.CoreComponentFactory"
34-->[androidx.core:core:1.9.0] AndroidManifest.xml:28:18-86
35        android:debuggable="true"
36        android:extractNativeLibs="false"
37        android:icon="@mipmap/ic_launcher"
37-->src/main/AndroidManifest.xml:11:9-43
38        android:label="@string/app_name"
38-->src/main/AndroidManifest.xml:12:9-41
39        android:supportsRtl="true"
39-->src/main/AndroidManifest.xml:13:9-35
40        android:testOnly="true"
41        android:theme="@style/AppTheme" >
41-->src/main/AndroidManifest.xml:14:9-40
42
43        <!-- Intent service is a worker thread used to get current address -->
44        <service
44-->src/main/AndroidManifest.xml:18:9-19:39
45            android:name="com.srisindhusaride.golondon.GetAddressIntentService"
45-->src/main/AndroidManifest.xml:18:18-85
46            android:exported="false" />
46-->src/main/AndroidManifest.xml:19:13-37
47
48        <activity
48-->src/main/AndroidManifest.xml:21:9-31:20
49            android:name="com.srisindhusaride.golondon.features.MainActivity"
49-->src/main/AndroidManifest.xml:22:13-50
50            android:exported="true"
50-->src/main/AndroidManifest.xml:25:13-36
51            android:screenOrientation="portrait"
51-->src/main/AndroidManifest.xml:24:13-49
52            android:theme="@style/AppTheme.NoActionBar" >
52-->src/main/AndroidManifest.xml:23:13-56
53            <intent-filter>
53-->src/main/AndroidManifest.xml:26:13-30:29
54                <action android:name="android.intent.action.MAIN" />
54-->src/main/AndroidManifest.xml:27:17-69
54-->src/main/AndroidManifest.xml:27:25-66
55
56                <category android:name="android.intent.category.LAUNCHER" />
56-->src/main/AndroidManifest.xml:29:17-77
56-->src/main/AndroidManifest.xml:29:27-74
57            </intent-filter>
58        </activity>
59
60        <!-- <activity android:name="com.srisindhusaride.golondon.Nearby_Station_Detail" -->
61        <!-- android:screenOrientation="portrait" -->
62        <!-- android:configChanges="keyboardHidden|orientation|screenSize"/> -->
63
64
65        <!-- <activity android:name="com.srisindhusaride.golondon.Nearby_Stops_Detail" -->
66        <!-- android:screenOrientation="portrait" -->
67        <!-- android:configChanges="keyboardHidden|orientation|screenSize"/> -->
68
69
70        <!-- <activity android:name="com.srisindhusaride.golondon.Favorites_Activity" -->
71        <!-- android:label="@string/saved_stations" -->
72        <!-- android:screenOrientation="portrait"/> -->
73
74        <meta-data
74-->src/main/AndroidManifest.xml:45:9-47:69
75            android:name="com.google.android.gms.version"
75-->src/main/AndroidManifest.xml:46:13-58
76            android:value="@integer/google_play_services_version" />
76-->src/main/AndroidManifest.xml:47:13-66
77
78        <!-- Google Maps API Key -->
79        <meta-data
79-->src/main/AndroidManifest.xml:50:9-52:70
80            android:name="com.google.android.geo.API_KEY"
80-->src/main/AndroidManifest.xml:51:13-58
81            android:value="AIzaSyBXNRnHiaGu2xfdGEFxngFEhRjVmmmQX5k" />
81-->src/main/AndroidManifest.xml:52:13-68
82        <!-- Needs to be explicitly declared on P+ -->
83        <uses-library
83-->[com.google.android.gms:play-services-maps:18.1.0] AndroidManifest.xml:39:9-41:40
84            android:name="org.apache.http.legacy"
84-->[com.google.android.gms:play-services-maps:18.1.0] AndroidManifest.xml:40:13-50
85            android:required="false" />
85-->[com.google.android.gms:play-services-maps:18.1.0] AndroidManifest.xml:41:13-37
86
87        <activity
87-->[com.google.android.gms:play-services-base:18.1.0] AndroidManifest.xml:20:9-22:45
88            android:name="com.google.android.gms.common.api.GoogleApiActivity"
88-->[com.google.android.gms:play-services-base:18.1.0] AndroidManifest.xml:20:19-85
89            android:exported="false"
89-->[com.google.android.gms:play-services-base:18.1.0] AndroidManifest.xml:22:19-43
90            android:theme="@android:style/Theme.Translucent.NoTitleBar" />
90-->[com.google.android.gms:play-services-base:18.1.0] AndroidManifest.xml:21:19-78
91
92        <provider
92-->[androidx.emoji2:emoji2:1.2.0] AndroidManifest.xml:24:9-32:20
93            android:name="androidx.startup.InitializationProvider"
93-->[androidx.emoji2:emoji2:1.2.0] AndroidManifest.xml:25:13-67
94            android:authorities="com.srisindhusaride.golondon.androidx-startup"
94-->[androidx.emoji2:emoji2:1.2.0] AndroidManifest.xml:26:13-68
95            android:exported="false" >
95-->[androidx.emoji2:emoji2:1.2.0] AndroidManifest.xml:27:13-37
96            <meta-data
96-->[androidx.emoji2:emoji2:1.2.0] AndroidManifest.xml:29:13-31:52
97                android:name="androidx.emoji2.text.EmojiCompatInitializer"
97-->[androidx.emoji2:emoji2:1.2.0] AndroidManifest.xml:30:17-75
98                android:value="androidx.startup" />
98-->[androidx.emoji2:emoji2:1.2.0] AndroidManifest.xml:31:17-49
99            <meta-data
99-->[androidx.lifecycle:lifecycle-process:2.4.1] AndroidManifest.xml:31:13-33:52
100                android:name="androidx.lifecycle.ProcessLifecycleInitializer"
100-->[androidx.lifecycle:lifecycle-process:2.4.1] AndroidManifest.xml:32:17-78
101                android:value="androidx.startup" />
101-->[androidx.lifecycle:lifecycle-process:2.4.1] AndroidManifest.xml:33:17-49
102        </provider>
103
104        <uses-library
104-->[androidx.window:window:1.0.0] AndroidManifest.xml:25:9-27:40
105            android:name="androidx.window.extensions"
105-->[androidx.window:window:1.0.0] AndroidManifest.xml:26:13-54
106            android:required="false" />
106-->[androidx.window:window:1.0.0] AndroidManifest.xml:27:13-37
107        <uses-library
107-->[androidx.window:window:1.0.0] AndroidManifest.xml:28:9-30:40
108            android:name="androidx.window.sidecar"
108-->[androidx.window:window:1.0.0] AndroidManifest.xml:29:13-51
109            android:required="false" />
109-->[androidx.window:window:1.0.0] AndroidManifest.xml:30:13-37
110    </application>
111
112</manifest>